<?xml version="1.0" encoding="UTF-8"?>
<!-- Generated by org.testng.reporters.JUnitXMLReporter -->
<testsuite ignored="1" hostname="W022832204445" failures="0" tests="2" name="Default test" time="78.487" errors="0" timestamp="2022-10-04T15:19:07 JST">
  <testcase classname="frameworkPractice.test.StandaloneTest2" name="submitOrder" time="17.697"/>
  <testcase classname="frameworkPractice.test.StandaloneTest2" name="submitOrder" time="17.738"/>
  <testcase classname="frameworkPractice.test.StandaloneTest2" name="orderValidation" time="0.0">
    <ignored/>
  </testcase> <!-- orderValidation -->
</testsuite> <!-- Default test -->
