<?xml version="1.0" encoding="UTF-8"?>
<!-- Generated by org.testng.reporters.JUnitXMLReporter -->
<testsuite ignored="0" hostname="PC" failures="1" tests="1" name="Log in Error check" time="22.155" errors="0" timestamp="2022-10-05T17:57:52 JST">
  <testcase classname="frameworkPractice.test.ErrorCheck1" name="submitOrderError" time="0.535">
    <failure type="java.lang.AssertionError" message="expected [Incorrect email or password.] but found [Incorrect email  password.]">
      <![CDATA[java.lang.AssertionError: expected [Incorrect email or password.] but found [Incorrect email  password.]
at frameworkPractice.test.ErrorCheck1.submitOrderError(ErrorCheck1.java:19)
at java.base/java.util.ArrayList.forEach(ArrayList.java:1541)
... Removed 33 stack frames]]>
    </failure>
  </testcase> <!-- submitOrderError -->
</testsuite> <!-- Log in Error check -->
