<?xml version="1.0" encoding="UTF-8"?>
<!-- Generated by org.testng.reporters.JUnitXMLReporter -->
<testsuite ignored="2" hostname="PC" failures="0" tests="0" time="0.017" errors="0" timestamp="2022-10-03T17:28:53 JST">
  <testcase classname="frameworkPractice.test.StandaloneTest2" name="submitOrder" time="0.0">
    <ignored/>
  </testcase> <!-- submitOrder -->
  <testcase classname="frameworkPractice.test.StandaloneTest2" name="orderValidation" time="0.0">
    <ignored/>
  </testcase> <!-- orderValidation -->
</testsuite>
