<?xml version="1.0" encoding="UTF-8"?>
<!-- Generated by org.testng.reporters.JUnitXMLReporter -->
<testsuite ignored="0" hostname="PC" failures="0" tests="4" name="Order number check" time="122.323" errors="0" timestamp="2022-10-06T11:38:38 JST">
  <testcase classname="frameworkPractice.test.StandaloneTest2" name="submitOrder" time="17.673"/>
  <testcase classname="frameworkPractice.test.StandaloneTest2" name="submitOrder" time="17.623"/>
  <testcase classname="frameworkPractice.test.StandaloneTest2" name="orderValidation" time="0.863"/>
  <testcase classname="frameworkPractice.test.StandaloneTest2" name="orderValidation" time="0.894"/>
</testsuite> <!-- Order number check -->
