<?xml version="1.0" encoding="UTF-8"?>
<testng-results ignored="1" total="3" passed="2" failed="0" skipped="0">
  <reporter-output>
  </reporter-output>
  <suite started-at="2022-10-04T15:53:20 JST" name="Default suite" finished-at="2022-10-04T15:54:39 JST" duration-ms="78163">
    <groups>
      <group name="Purchase">
        <method signature="StandaloneTest2.submitOrder(java.util.HashMap)[pri:0, instance:frameworkPractice.test.StandaloneTest2@6c1a5b54]" name="submitOrder" class="frameworkPractice.test.StandaloneTest2"/>
      </group> <!-- Purchase -->
    </groups>
    <test started-at="2022-10-04T15:53:20 JST" name="Default test" finished-at="2022-10-04T15:54:39 JST" duration-ms="78163">
      <class name="frameworkPractice.test.StandaloneTest2">
        <test-method is-config="true" signature="launchBrowser()[pri:0, instance:frameworkPractice.test.StandaloneTest2@6c1a5b54]" started-at="2022-10-04T15:53:21 JST" name="launchBrowser" finished-at="2022-10-04T15:53:26 JST" duration-ms="5089" status="PASS">
          <reporter-output>
          </reporter-output>
        </test-method> <!-- launchBrowser -->
        <test-method signature="submitOrder(java.util.HashMap)[pri:0, instance:frameworkPractice.test.StandaloneTest2@6c1a5b54]" started-at="2022-10-04T15:53:26 JST" name="submitOrder" data-provider="getData" finished-at="2022-10-04T15:53:43 JST" duration-ms="17808" status="PASS">
          <params>
            <param index="0">
              <value>
                <![CDATA[{password=A1234567, product=IPHONE 13 PRO, email=a1ngel0@gmail.com}]]>
              </value>
            </param>
          </params>
          <reporter-output>
          </reporter-output>
        </test-method> <!-- submitOrder -->
        <test-method is-config="true" signature="afterOperation()[pri:0, instance:frameworkPractice.test.StandaloneTest2@6c1a5b54]" started-at="2022-10-04T15:53:43 JST" name="afterOperation" finished-at="2022-10-04T15:54:00 JST" duration-ms="16250" status="PASS">
          <reporter-output>
          </reporter-output>
        </test-method> <!-- afterOperation -->
        <test-method is-config="true" signature="launchBrowser()[pri:0, instance:frameworkPractice.test.StandaloneTest2@6c1a5b54]" started-at="2022-10-04T15:54:00 JST" name="launchBrowser" finished-at="2022-10-04T15:54:05 JST" duration-ms="4825" status="PASS">
          <reporter-output>
          </reporter-output>
        </test-method> <!-- launchBrowser -->
        <test-method signature="submitOrder(java.util.HashMap)[pri:0, instance:frameworkPractice.test.StandaloneTest2@6c1a5b54]" started-at="2022-10-04T15:54:05 JST" name="submitOrder" data-provider="getData" finished-at="2022-10-04T15:54:22 JST" duration-ms="17723" status="PASS">
          <params>
            <param index="0">
              <value>
                <![CDATA[{password=A1234567, product=ADIDAS ORIGINAL, email=angel@gmail.com}]]>
              </value>
            </param>
          </params>
          <reporter-output>
          </reporter-output>
        </test-method> <!-- submitOrder -->
        <test-method is-config="true" signature="afterOperation()[pri:0, instance:frameworkPractice.test.StandaloneTest2@6c1a5b54]" started-at="2022-10-04T15:54:22 JST" name="afterOperation" finished-at="2022-10-04T15:54:39 JST" duration-ms="16285" status="PASS">
          <reporter-output>
          </reporter-output>
        </test-method> <!-- afterOperation -->
      </class> <!-- frameworkPractice.test.StandaloneTest2 -->
    </test> <!-- Default test -->
  </suite> <!-- Default suite -->
</testng-results>
