<?xml version="1.0" encoding="UTF-8"?>
<testng-results ignored="1" total="3" passed="2" failed="0" skipped="0">
  <reporter-output>
  </reporter-output>
  <suite started-at="2022-10-04T16:42:13 JST" name="Default suite" finished-at="2022-10-04T16:43:05 JST" duration-ms="51764">
    <groups>
      <group name="Purchase">
        <method signature="StandaloneTest2.submitOrder(java.util.HashMap)[pri:0, instance:frameworkPractice.test.StandaloneTest2@1c7696c6]" name="submitOrder" class="frameworkPractice.test.StandaloneTest2"/>
      </group> <!-- Purchase -->
    </groups>
    <test started-at="2022-10-04T16:42:13 JST" name="Default test" finished-at="2022-10-04T16:43:05 JST" duration-ms="51764">
      <class name="frameworkPractice.test.StandaloneTest2">
        <test-method is-config="true" signature="launchBrowser()[pri:0, instance:frameworkPractice.test.StandaloneTest2@1c7696c6]" started-at="2022-10-04T16:42:13 JST" name="launchBrowser" finished-at="2022-10-04T16:42:22 JST" duration-ms="8739" status="PASS">
          <reporter-output>
          </reporter-output>
        </test-method> <!-- launchBrowser -->
        <test-method signature="submitOrder(java.util.HashMap)[pri:0, instance:frameworkPractice.test.StandaloneTest2@1c7696c6]" started-at="2022-10-04T16:42:22 JST" name="submitOrder" data-provider="getData" finished-at="2022-10-04T16:42:40 JST" duration-ms="17745" status="PASS">
          <params>
            <param index="0">
              <value>
                <![CDATA[{password=A1234567, product=IPHONE 13 PRO, email=a1ngel0@gmail.com}]]>
              </value>
            </param>
          </params>
          <reporter-output>
          </reporter-output>
        </test-method> <!-- submitOrder -->
        <test-method is-config="true" signature="afterOperation()[pri:0, instance:frameworkPractice.test.StandaloneTest2@1c7696c6]" started-at="2022-10-04T16:42:40 JST" name="afterOperation" finished-at="2022-10-04T16:42:40 JST" duration-ms="72" status="PASS">
          <reporter-output>
          </reporter-output>
        </test-method> <!-- afterOperation -->
        <test-method is-config="true" signature="launchBrowser()[pri:0, instance:frameworkPractice.test.StandaloneTest2@1c7696c6]" started-at="2022-10-04T16:42:40 JST" name="launchBrowser" finished-at="2022-10-04T16:42:47 JST" duration-ms="7324" status="PASS">
          <reporter-output>
          </reporter-output>
        </test-method> <!-- launchBrowser -->
        <test-method signature="submitOrder(java.util.HashMap)[pri:0, instance:frameworkPractice.test.StandaloneTest2@1c7696c6]" started-at="2022-10-04T16:42:47 JST" name="submitOrder" data-provider="getData" finished-at="2022-10-04T16:43:05 JST" duration-ms="17629" status="PASS">
          <params>
            <param index="0">
              <value>
                <![CDATA[{password=A1234567, product=ADIDAS ORIGINAL, email=angel@gmail.com}]]>
              </value>
            </param>
          </params>
          <reporter-output>
          </reporter-output>
        </test-method> <!-- submitOrder -->
        <test-method is-config="true" signature="afterOperation()[pri:0, instance:frameworkPractice.test.StandaloneTest2@1c7696c6]" started-at="2022-10-04T16:43:05 JST" name="afterOperation" finished-at="2022-10-04T16:43:05 JST" duration-ms="82" status="PASS">
          <reporter-output>
          </reporter-output>
        </test-method> <!-- afterOperation -->
      </class> <!-- frameworkPractice.test.StandaloneTest2 -->
    </test> <!-- Default test -->
  </suite> <!-- Default suite -->
</testng-results>
