<?xml version="1.0" encoding="UTF-8"?>
<testng-results ignored="0" total="2" passed="2" failed="0" skipped="0">
  <reporter-output>
  </reporter-output>
  <suite started-at="2022-10-03T15:21:23 JST" name="Default suite" finished-at="2022-10-03T15:22:22 JST" duration-ms="59988">
    <groups>
    </groups>
    <test started-at="2022-10-03T15:21:23 JST" name="Default test" finished-at="2022-10-03T15:22:22 JST" duration-ms="59988">
      <class name="frameworkPractice.test.StandaloneTest2">
        <test-method is-config="true" signature="launchBrowser()[pri:0, instance:frameworkPractice.test.StandaloneTest2@3646a422]" started-at="2022-10-03T15:21:23 JST" name="launchBrowser" finished-at="2022-10-03T15:21:28 JST" duration-ms="5567" status="PASS">
          <reporter-output>
          </reporter-output>
        </test-method> <!-- launchBrowser -->
        <test-method signature="submitOrder()[pri:0, instance:frameworkPractice.test.StandaloneTest2@3646a422]" started-at="2022-10-03T15:21:28 JST" name="submitOrder" finished-at="2022-10-03T15:21:44 JST" duration-ms="16328" status="PASS">
          <reporter-output>
          </reporter-output>
        </test-method> <!-- submitOrder -->
        <test-method is-config="true" signature="afterOperation()[pri:0, instance:frameworkPractice.test.StandaloneTest2@3646a422]" started-at="2022-10-03T15:21:44 JST" name="afterOperation" finished-at="2022-10-03T15:22:01 JST" duration-ms="16209" status="PASS">
          <reporter-output>
          </reporter-output>
        </test-method> <!-- afterOperation -->
        <test-method is-config="true" signature="launchBrowser()[pri:0, instance:frameworkPractice.test.StandaloneTest2@3646a422]" started-at="2022-10-03T15:22:01 JST" name="launchBrowser" finished-at="2022-10-03T15:22:05 JST" duration-ms="4717" status="PASS">
          <reporter-output>
          </reporter-output>
        </test-method> <!-- launchBrowser -->
        <test-method signature="orderValidation()[pri:0, instance:frameworkPractice.test.StandaloneTest2@3646a422]" started-at="2022-10-03T15:22:05 JST" name="orderValidation" finished-at="2022-10-03T15:22:06 JST" depends-on-methods="frameworkPractice.test.StandaloneTest2.submitOrder" duration-ms="894" status="PASS">
          <reporter-output>
          </reporter-output>
        </test-method> <!-- orderValidation -->
        <test-method is-config="true" signature="afterOperation()[pri:0, instance:frameworkPractice.test.StandaloneTest2@3646a422]" started-at="2022-10-03T15:22:06 JST" name="afterOperation" finished-at="2022-10-03T15:22:22 JST" duration-ms="16237" status="PASS">
          <reporter-output>
          </reporter-output>
        </test-method> <!-- afterOperation -->
      </class> <!-- frameworkPractice.test.StandaloneTest2 -->
    </test> <!-- Default test -->
  </suite> <!-- Default suite -->
</testng-results>
