<?xml version="1.0" encoding="UTF-8"?>
<testng-results ignored="2" total="3" passed="1" failed="0" skipped="0">
  <reporter-output>
  </reporter-output>
  <suite started-at="2022-10-04T11:31:21 JST" name="Suite" finished-at="2022-10-04T11:31:44 JST" duration-ms="22455">
    <groups>
      <group name="ErrorHandling">
        <method signature="ErrorCheck1.submitOrder()[pri:0, instance:frameworkPractice.test.ErrorCheck1@350aac89]" name="submitOrder" class="frameworkPractice.test.ErrorCheck1"/>
      </group> <!-- ErrorHandling -->
    </groups>
    <test started-at="2022-10-04T11:31:21 JST" name="Order number check" finished-at="2022-10-04T11:31:21 JST" duration-ms="8">
    </test> <!-- Order number check -->
    <test started-at="2022-10-04T11:31:21 JST" name="Log in Error check" finished-at="2022-10-04T11:31:44 JST" duration-ms="22455">
      <class name="frameworkPractice.test.ErrorCheck1">
        <test-method is-config="true" signature="launchBrowser()[pri:0, instance:frameworkPractice.test.ErrorCheck1@350aac89]" started-at="2022-10-04T11:31:21 JST" name="launchBrowser" finished-at="2022-10-04T11:31:26 JST" duration-ms="5055" status="PASS">
          <reporter-output>
          </reporter-output>
        </test-method> <!-- launchBrowser -->
        <test-method signature="submitOrder()[pri:0, instance:frameworkPractice.test.ErrorCheck1@350aac89]" started-at="2022-10-04T11:31:26 JST" name="submitOrder" finished-at="2022-10-04T11:31:27 JST" duration-ms="1101" status="PASS">
          <reporter-output>
          </reporter-output>
        </test-method> <!-- submitOrder -->
        <test-method is-config="true" signature="afterOperation()[pri:0, instance:frameworkPractice.test.ErrorCheck1@350aac89]" started-at="2022-10-04T11:31:27 JST" name="afterOperation" finished-at="2022-10-04T11:31:44 JST" duration-ms="16268" status="PASS">
          <reporter-output>
          </reporter-output>
        </test-method> <!-- afterOperation -->
      </class> <!-- frameworkPractice.test.ErrorCheck1 -->
    </test> <!-- Log in Error check -->
  </suite> <!-- Suite -->
</testng-results>
