<?xml version="1.0" encoding="UTF-8"?>
<testng-results ignored="1" total="3" passed="2" failed="0" skipped="0">
  <reporter-output>
  </reporter-output>
  <suite started-at="2022-10-04T15:17:48 JST" name="Default suite" finished-at="2022-10-04T15:19:07 JST" duration-ms="78487">
    <groups>
      <group name="Purchase">
        <method signature="StandaloneTest2.submitOrder(java.util.HashMap)[pri:0, instance:frameworkPractice.test.StandaloneTest2@6c1a5b54]" name="submitOrder" class="frameworkPractice.test.StandaloneTest2"/>
      </group> <!-- Purchase -->
    </groups>
    <test started-at="2022-10-04T15:17:48 JST" name="Default test" finished-at="2022-10-04T15:19:07 JST" duration-ms="78487">
      <class name="frameworkPractice.test.StandaloneTest2">
        <test-method is-config="true" signature="launchBrowser()[pri:0, instance:frameworkPractice.test.StandaloneTest2@6c1a5b54]" started-at="2022-10-04T15:17:49 JST" name="launchBrowser" finished-at="2022-10-04T15:17:54 JST" duration-ms="5632" status="PASS">
          <reporter-output>
          </reporter-output>
        </test-method> <!-- launchBrowser -->
        <test-method signature="submitOrder(java.util.HashMap)[pri:0, instance:frameworkPractice.test.StandaloneTest2@6c1a5b54]" started-at="2022-10-04T15:17:54 JST" name="submitOrder" data-provider="getData" finished-at="2022-10-04T15:18:12 JST" duration-ms="17697" status="PASS">
          <params>
            <param index="0">
              <value>
                <![CDATA[{password=A1234567, product=IPHONE 13 PRO, email=a1ngel0@gmail.com}]]>
              </value>
            </param>
          </params>
          <reporter-output>
          </reporter-output>
        </test-method> <!-- submitOrder -->
        <test-method is-config="true" signature="afterOperation()[pri:0, instance:frameworkPractice.test.StandaloneTest2@6c1a5b54]" started-at="2022-10-04T15:18:12 JST" name="afterOperation" finished-at="2022-10-04T15:18:28 JST" duration-ms="16240" status="PASS">
          <reporter-output>
          </reporter-output>
        </test-method> <!-- afterOperation -->
        <test-method is-config="true" signature="launchBrowser()[pri:0, instance:frameworkPractice.test.StandaloneTest2@6c1a5b54]" started-at="2022-10-04T15:18:28 JST" name="launchBrowser" finished-at="2022-10-04T15:18:33 JST" duration-ms="4765" status="PASS">
          <reporter-output>
          </reporter-output>
        </test-method> <!-- launchBrowser -->
        <test-method signature="submitOrder(java.util.HashMap)[pri:0, instance:frameworkPractice.test.StandaloneTest2@6c1a5b54]" started-at="2022-10-04T15:18:33 JST" name="submitOrder" data-provider="getData" finished-at="2022-10-04T15:18:51 JST" duration-ms="17738" status="PASS">
          <params>
            <param index="0">
              <value>
                <![CDATA[{password=A1234567, product=ADIDAS ORIGINAL, email=angel@gmail.com}]]>
              </value>
            </param>
          </params>
          <reporter-output>
          </reporter-output>
        </test-method> <!-- submitOrder -->
        <test-method is-config="true" signature="afterOperation()[pri:0, instance:frameworkPractice.test.StandaloneTest2@6c1a5b54]" started-at="2022-10-04T15:18:51 JST" name="afterOperation" finished-at="2022-10-04T15:19:07 JST" duration-ms="16243" status="PASS">
          <reporter-output>
          </reporter-output>
        </test-method> <!-- afterOperation -->
      </class> <!-- frameworkPractice.test.StandaloneTest2 -->
    </test> <!-- Default test -->
  </suite> <!-- Default suite -->
</testng-results>
